2021-04-24T18:31:27+03:00 ci=c7b78a37-8782-4562-8f54-8ce9aaf86440 [DEBUG] Application start
2021-04-24T18:31:28+03:00 ci=c7b78a37-8782-4562-8f54-8ce9aaf86440 [DEBUG] Show "Welcome" screen
2021-04-24T18:31:36+03:00 ci=c7b78a37-8782-4562-8f54-8ce9aaf86440 [DEBUG] Start install (PIP: DISABLED)
2021-04-24T18:31:36+03:00 ci=c7b78a37-8782-4562-8f54-8ce9aaf86440 [DEBUG] Show "Connecting" screen
2021-04-24T18:31:36+03:00 ci=c7b78a37-8782-4562-8f54-8ce9aaf86440 [DEBUG] Load client configuration
2021-04-24T18:31:37+03:00 ci=c7b78a37-8782-4562-8f54-8ce9aaf86440 [DEBUG] Load client configuration failed (null)
2021-04-24T18:31:37+03:00 ci=c7b78a37-8782-4562-8f54-8ce9aaf86440 [DEBUG] Load client configuration success
2021-04-24T18:31:37+03:00 ci=c7b78a37-8782-4562-8f54-8ce9aaf86440 [DEBUG] Load installer configuration
2021-04-24T18:31:37+03:00 ci=c7b78a37-8782-4562-8f54-8ce9aaf86440 [DEBUG] Load installer configuration success
2021-04-24T18:31:38+03:00 ci=c7b78a37-8782-4562-8f54-8ce9aaf86440 [DEBUG] Show "Progress" screen
2021-04-24T18:31:38+03:00 ci=c7b78a37-8782-4562-8f54-8ce9aaf86440 [DEBUG] Download Discovery installer
2021-04-24T18:31:38+03:00 ci=c7b78a37-8782-4562-8f54-8ce9aaf86440 [DEBUG] Download Discovery installer progress 0%
2021-04-24T18:31:48+03:00 ci=c7b78a37-8782-4562-8f54-8ce9aaf86440 [DEBUG] Download Discovery installer progress 1%
2021-04-24T18:32:41+03:00 ci=c7b78a37-8782-4562-8f54-8ce9aaf86440 [DEBUG] Download Discovery installer progress 2%
2021-04-24T18:34:19+03:00 ci=c7b78a37-8782-4562-8f54-8ce9aaf86440 [DEBUG] Download Discovery installer progress 3%
2021-04-24T18:35:48+03:00 ci=c7b78a37-8782-4562-8f54-8ce9aaf86440 [DEBUG] Download Discovery installer progress 4%
2021-04-24T18:37:43+03:00 ci=c7b78a37-8782-4562-8f54-8ce9aaf86440 [DEBUG] Download Discovery installer progress 5%
2021-04-24T18:39:35+03:00 ci=c7b78a37-8782-4562-8f54-8ce9aaf86440 [DEBUG] Download Discovery installer progress 6%
2021-04-24T18:41:37+03:00 ci=c7b78a37-8782-4562-8f54-8ce9aaf86440 [DEBUG] Download Discovery installer progress 7%
2021-04-24T18:42:47+03:00 ci=c7b78a37-8782-4562-8f54-8ce9aaf86440 [DEBUG] Download Discovery installer progress 8%
2021-04-24T18:44:16+03:00 ci=c7b78a37-8782-4562-8f54-8ce9aaf86440 [DEBUG] Download Discovery installer progress 9%
2021-04-24T18:45:57+03:00 ci=c7b78a37-8782-4562-8f54-8ce9aaf86440 [DEBUG] Download Discovery installer progress 10%
2021-04-24T18:47:34+03:00 ci=c7b78a37-8782-4562-8f54-8ce9aaf86440 [DEBUG] Download Discovery installer progress 11%
2021-04-24T18:48:51+03:00 ci=c7b78a37-8782-4562-8f54-8ce9aaf86440 [DEBUG] Download Discovery installer progress 12%
2021-04-24T18:50:25+03:00 ci=c7b78a37-8782-4562-8f54-8ce9aaf86440 [DEBUG] Download Discovery installer progress 13%
2021-04-24T18:52:38+03:00 ci=c7b78a37-8782-4562-8f54-8ce9aaf86440 [DEBUG] Download Discovery installer progress 14%
2021-04-24T18:54:02+03:00 ci=c7b78a37-8782-4562-8f54-8ce9aaf86440 [DEBUG] Download Discovery installer progress 15%
2021-04-24T18:55:13+03:00 ci=c7b78a37-8782-4562-8f54-8ce9aaf86440 [DEBUG] Download Discovery installer progress 16%
2021-04-24T18:56:58+03:00 ci=c7b78a37-8782-4562-8f54-8ce9aaf86440 [DEBUG] Download Discovery installer progress 17%
2021-04-24T18:58:50+03:00 ci=c7b78a37-8782-4562-8f54-8ce9aaf86440 [DEBUG] Download Discovery installer progress 18%
2021-04-24T19:01:00+03:00 ci=c7b78a37-8782-4562-8f54-8ce9aaf86440 [DEBUG] Download Discovery installer progress 19%
2021-04-24T19:02:29+03:00 ci=c7b78a37-8782-4562-8f54-8ce9aaf86440 [DEBUG] Download Discovery installer progress 20%
2021-04-24T19:03:20+03:00 ci=c7b78a37-8782-4562-8f54-8ce9aaf86440 [DEBUG] Download Discovery installer progress 21%
2021-04-24T19:05:10+03:00 ci=c7b78a37-8782-4562-8f54-8ce9aaf86440 [DEBUG] Download Discovery installer progress 22%
2021-04-24T19:06:26+03:00 ci=c7b78a37-8782-4562-8f54-8ce9aaf86440 [DEBUG] Download Discovery installer progress 23%
2021-04-24T19:07:29+03:00 ci=c7b78a37-8782-4562-8f54-8ce9aaf86440 [DEBUG] Download Discovery installer progress 24%
2021-04-24T19:08:22+03:00 ci=c7b78a37-8782-4562-8f54-8ce9aaf86440 [DEBUG] Download Discovery installer progress 25%
2021-04-24T19:11:31+03:00 ci=c7b78a37-8782-4562-8f54-8ce9aaf86440 [DEBUG] Download Discovery installer progress 26%
2021-04-24T19:13:57+03:00 ci=c7b78a37-8782-4562-8f54-8ce9aaf86440 [DEBUG] Download Discovery installer progress 27%
2021-04-24T19:15:43+03:00 ci=c7b78a37-8782-4562-8f54-8ce9aaf86440 [DEBUG] Download Discovery installer progress 28%
2021-04-24T19:17:42+03:00 ci=c7b78a37-8782-4562-8f54-8ce9aaf86440 [DEBUG] Download Discovery installer progress 29%
2021-04-24T19:19:29+03:00 ci=c7b78a37-8782-4562-8f54-8ce9aaf86440 [DEBUG] Download Discovery installer progress 30%
2021-04-24T19:21:09+03:00 ci=c7b78a37-8782-4562-8f54-8ce9aaf86440 [DEBUG] Download Discovery installer progress 31%
2021-04-24T19:22:10+03:00 ci=c7b78a37-8782-4562-8f54-8ce9aaf86440 [DEBUG] Download Discovery installer progress 32%
2021-04-24T19:23:06+03:00 ci=c7b78a37-8782-4562-8f54-8ce9aaf86440 [DEBUG] Download Discovery installer progress 33%
2021-04-24T19:23:49+03:00 ci=c7b78a37-8782-4562-8f54-8ce9aaf86440 [DEBUG] Download Discovery installer progress 34%
2021-04-24T19:24:36+03:00 ci=c7b78a37-8782-4562-8f54-8ce9aaf86440 [DEBUG] Download Discovery installer progress 35%
